This is pdfTeX, Version 3.14159265-2.6-1.40.19 (MiKTeX 2.9.6930 64-bit) (preloaded format=pdflatex 2019.2.3)  4 MAR 2019 15:41
entering extended mode
**./main.tex
(main.tex
LaTeX2e <2018-12-01>
(sigplanconf.cls
Document Class: sigplanconf 2013/07/02 v2.8 ACM SIGPLAN Proceedings
\@numheaddepth=\count80
("D:\Local\Programs\MiKTeX 2.9\tex/latex/base\article.cls"
Document Class: article 2018/09/03 v1.4i Standard LaTeX document class
("D:\Local\Programs\MiKTeX 2.9\tex/latex/base\size10.clo"
File: size10.clo 2018/09/03 v1.4i Standard LaTeX file (size option)
)
\c@part=\count81
\c@section=\count82
\c@subsection=\count83
\c@subsubsection=\count84
\c@paragraph=\count85
\c@subparagraph=\count86
\c@figure=\count87
\c@table=\count88
\abovecaptionskip=\skip41
\belowcaptionskip=\skip42
\bibindent=\dimen102
)
\standardtextwidth=\dimen103
\standardvspace=\skip43

Using natbib package with 'authoryear' citation style.
("D:\Local\Programs\MiKTeX 2.9\tex/latex/natbib\natbib.sty"
Package: natbib 2010/09/13 8.31b (PWD, AO)
\bibhang=\skip44
\bibsep=\skip45
LaTeX Info: Redefining \cite on input line 694.
\c@NAT@ctr=\count89
)
\@sectionaboveskip=\skip46
\@sectionbelowskip=\skip47
\@subsectionaboveskip=\skip48
\@subsectionbelowskip=\skip49
\@paragraphaboveskip=\skip50
\@authorcount=\count90
\@titlenotecount=\count91
\@titlenotetext=\toks14
\@fnmark=\toks15
\@authori=\count92
\@measbox=\box27
)
("D:\Local\Programs\MiKTeX 2.9\tex/latex/amsmath\amsmath.sty"
Package: amsmath 2018/12/01 v2.17b AMS math features
\@mathmargin=\skip51

For additional information on amsmath, use the `?' option.
("D:\Local\Programs\MiKTeX 2.9\tex/latex/amsmath\amstext.sty"
Package: amstext 2000/06/29 v2.01 AMS text

("D:\Local\Programs\MiKTeX 2.9\tex/latex/amsmath\amsgen.sty"
File: amsgen.sty 1999/11/30 v2.0 generic functions
\@emptytoks=\toks16
\ex@=\dimen104
))
("D:\Local\Programs\MiKTeX 2.9\tex/latex/amsmath\amsbsy.sty"
Package: amsbsy 1999/11/29 v1.2d Bold Symbols
\pmbraise@=\dimen105
)
("D:\Local\Programs\MiKTeX 2.9\tex/latex/amsmath\amsopn.sty"
Package: amsopn 2016/03/08 v2.02 operator names
)
\inf@bad=\count93
LaTeX Info: Redefining \frac on input line 223.
\uproot@=\count94
\leftroot@=\count95
LaTeX Info: Redefining \overline on input line 385.
\classnum@=\count96
\DOTSCASE@=\count97
LaTeX Info: Redefining \ldots on input line 482.
LaTeX Info: Redefining \dots on input line 485.
LaTeX Info: Redefining \cdots on input line 606.
\Mathstrutbox@=\box28
\strutbox@=\box29
\big@size=\dimen106
LaTeX Font Info:    Redeclaring font encoding OML on input line 729.
LaTeX Font Info:    Redeclaring font encoding OMS on input line 730.
\macc@depth=\count98
\c@MaxMatrixCols=\count99
\dotsspace@=\muskip10
\c@parentequation=\count100
\dspbrk@lvl=\count101
\tag@help=\toks17
\row@=\count102
\column@=\count103
\maxfields@=\count104
\andhelp@=\toks18
\eqnshift@=\dimen107
\alignsep@=\dimen108
\tagshift@=\dimen109
\tagwidth@=\dimen110
\totwidth@=\dimen111
\lineht@=\dimen112
\@envbody=\toks19
\multlinegap=\skip52
\multlinetaggap=\skip53
\mathdisplay@stack=\toks20
LaTeX Info: Redefining \[ on input line 2844.
LaTeX Info: Redefining \] on input line 2845.
)
("D:\Local\Programs\MiKTeX 2.9\tex/latex/amsfonts\amsfonts.sty"
Package: amsfonts 2013/01/14 v3.01 Basic AMSFonts support
\symAMSa=\mathgroup4
\symAMSb=\mathgroup5
LaTeX Font Info:    Overwriting math alphabet `\mathfrak' in version `bold'
(Font)                  U/euf/m/n --> U/euf/b/n on input line 106.
)
("D:\Local\Programs\MiKTeX 2.9\tex/latex/amsfonts\amssymb.sty"
Package: amssymb 2013/01/14 v3.01 AMS font symbols
)
("D:\Local\Programs\MiKTeX 2.9\tex/latex/amscls\amsthm.sty"
Package: amsthm 2017/10/31 v2.20.4
\thm@style=\toks21
\thm@bodyfont=\toks22
\thm@headfont=\toks23
\thm@notefont=\toks24
\thm@headpunct=\toks25
\thm@preskip=\skip54
\thm@postskip=\skip55
\thm@headsep=\skip56
\dth@everypar=\toks26
)
("D:\Local\Programs\MiKTeX 2.9\tex/latex/algorithm2e\algorithm2e.sty"
Package: algorithm2e 2017/07/18 v5.2 algorithms environments
\c@AlgoLine=\count105

("D:\Local\Programs\MiKTeX 2.9\tex/latex/base\ifthen.sty"
Package: ifthen 2014/09/29 v1.1c Standard LaTeX ifthen package (DPC)
)
\algocf@hangindent=\skip57

("D:\Local\Programs\MiKTeX 2.9\tex/latex/ifoddpage\ifoddpage.sty"
Package: ifoddpage 2016/04/23 v1.1 Conditionals for odd/even page detection
\c@checkoddpage=\count106
)
("D:\Local\Programs\MiKTeX 2.9\tex/latex/tools\xspace.sty"
Package: xspace 2014/10/28 v1.13 Space after command names (DPC,MH)
)
("D:\Local\Programs\MiKTeX 2.9\tex/latex/relsize\relsize.sty"
Package: relsize 2013/03/29 ver 4.1
)
\skiptotal=\skip58
\skiplinenumber=\skip59
\skiprule=\skip60
\skiphlne=\skip61
\skiptext=\skip62
\skiplength=\skip63
\algomargin=\skip64
\skipalgocfslide=\skip65
\algowidth=\dimen113
\inoutsize=\dimen114
\inoutindent=\dimen115
\interspacetitleruled=\dimen116
\interspacealgoruled=\dimen117
\interspacetitleboxruled=\dimen118
\algocf@ruledwidth=\skip66
\algocf@inoutbox=\box30
\algocf@inputbox=\box31
\AlCapSkip=\skip67
\AlCapHSkip=\skip68
\algoskipindent=\skip69
\algocf@nlbox=\box32
\algocf@hangingbox=\box33
\algocf@untilbox=\box34
\algocf@skipuntil=\skip70
\algocf@capbox=\box35
\algocf@lcaptionbox=\skip71
\algoheightruledefault=\skip72
\algoheightrule=\skip73
\algotitleheightruledefault=\skip74
\algotitleheightrule=\skip75
\c@algocfline=\count107
\c@algocfproc=\count108
\c@algocf=\count109
\algocf@algoframe=\box36
\algocf@algobox=\box37
)
("D:\Local\Programs\MiKTeX 2.9\tex/latex/listings\listings.sty"
("D:\Local\Programs\MiKTeX 2.9\tex/latex/graphics\keyval.sty"
Package: keyval 2014/10/28 v1.15 key=value parser (DPC)
\KV@toks@=\toks27
)
\lst@mode=\count110
\lst@gtempboxa=\box38
\lst@token=\toks28
\lst@length=\count111
\lst@currlwidth=\dimen119
\lst@column=\count112
\lst@pos=\count113
\lst@lostspace=\dimen120
\lst@width=\dimen121
\lst@newlines=\count114
\lst@lineno=\count115
\lst@maxwidth=\dimen122

("D:\Local\Programs\MiKTeX 2.9\tex/latex/listings\lstmisc.sty"
File: lstmisc.sty 2018/09/02 1.7 (Carsten Heinz)
\c@lstnumber=\count116
\lst@skipnumbers=\count117
\lst@framebox=\box39
)
("D:\Local\Programs\MiKTeX 2.9\tex/latex/listings\listings.cfg"
File: listings.cfg 2018/09/02 1.7 listings configuration
))
Package: listings 2018/09/02 1.7 (Carsten Heinz)

("D:\Local\Programs\MiKTeX 2.9\tex/latex/xcolor\xcolor.sty"
Package: xcolor 2016/05/11 v2.12 LaTeX color extensions (UK)

("D:\Local\Programs\MiKTeX 2.9\tex/latex/graphics-cfg\color.cfg"
File: color.cfg 2016/01/02 v1.6 sample color configuration
)
Package xcolor Info: Driver file: pdftex.def on input line 225.

("D:\Local\Programs\MiKTeX 2.9\tex/latex/graphics-def\pdftex.def"
File: pdftex.def 2018/01/08 v1.0l Graphics/color driver for pdftex
)
Package xcolor Info: Model `cmy' substituted by `cmy0' on input line 1348.
Package xcolor Info: Model `hsb' substituted by `rgb' on input line 1352.
Package xcolor Info: Model `RGB' extended on input line 1364.
Package xcolor Info: Model `HTML' substituted by `rgb' on input line 1366.
Package xcolor Info: Model `Hsb' substituted by `hsb' on input line 1367.
Package xcolor Info: Model `tHsb' substituted by `hsb' on input line 1368.
Package xcolor Info: Model `HSB' substituted by `hsb' on input line 1369.
Package xcolor Info: Model `Gray' substituted by `gray' on input line 1370.
Package xcolor Info: Model `wave' substituted by `hsb' on input line 1371.
)
("D:\Local\Programs\MiKTeX 2.9\tex/latex/pgf/frontendlayer\tikz.sty"
("D:\Local\Programs\MiKTeX 2.9\tex/latex/pgf/basiclayer\pgf.sty"
("D:\Local\Programs\MiKTeX 2.9\tex/latex/pgf/utilities\pgfrcs.sty"
("D:\Local\Programs\MiKTeX 2.9\tex/generic/pgf/utilities\pgfutil-common.tex"
\pgfutil@everybye=\toks29
\pgfutil@tempdima=\dimen123
\pgfutil@tempdimb=\dimen124

("D:\Local\Programs\MiKTeX 2.9\tex/generic/pgf/utilities\pgfutil-common-lists.t
ex")) ("D:\Local\Programs\MiKTeX 2.9\tex/generic/pgf/utilities\pgfutil-latex.de
f"
\pgfutil@abb=\box40
 ("D:\Local\Programs\MiKTeX 2.9\tex/latex/ms\everyshi.sty"
Package: everyshi 2001/05/15 v3.00 EveryShipout Package (MS)
))
("D:\Local\Programs\MiKTeX 2.9\tex/generic/pgf/utilities\pgfrcs.code.tex"
("D:\Local\Programs\MiKTeX 2.9\tex/generic/pgf\pgf.revision.tex")
Package: pgfrcs 2019/01/05 v3.1 (3.1)
))
Package: pgf 2019/01/05 v3.1 (3.1)

("D:\Local\Programs\MiKTeX 2.9\tex/latex/pgf/basiclayer\pgfcore.sty"
("D:\Local\Programs\MiKTeX 2.9\tex/latex/graphics\graphicx.sty"
Package: graphicx 2017/06/01 v1.1a Enhanced LaTeX Graphics (DPC,SPQR)

("D:\Local\Programs\MiKTeX 2.9\tex/latex/graphics\graphics.sty"
Package: graphics 2017/06/25 v1.2c Standard LaTeX Graphics (DPC,SPQR)

("D:\Local\Programs\MiKTeX 2.9\tex/latex/graphics\trig.sty"
Package: trig 2016/01/03 v1.10 sin cos tan (DPC)
)
("D:\Local\Programs\MiKTeX 2.9\tex/latex/graphics-cfg\graphics.cfg"
File: graphics.cfg 2016/06/04 v1.11 sample graphics configuration
)
Package graphics Info: Driver file: pdftex.def on input line 99.
)
\Gin@req@height=\dimen125
\Gin@req@width=\dimen126
)
("D:\Local\Programs\MiKTeX 2.9\tex/latex/pgf/systemlayer\pgfsys.sty"
("D:\Local\Programs\MiKTeX 2.9\tex/generic/pgf/systemlayer\pgfsys.code.tex"
Package: pgfsys 2019/01/05 v3.1 (3.1)

("D:\Local\Programs\MiKTeX 2.9\tex/generic/pgf/utilities\pgfkeys.code.tex"
\pgfkeys@pathtoks=\toks30
\pgfkeys@temptoks=\toks31

("D:\Local\Programs\MiKTeX 2.9\tex/generic/pgf/utilities\pgfkeysfiltered.code.t
ex"
\pgfkeys@tmptoks=\toks32
))
\pgf@x=\dimen127
\pgf@y=\dimen128
\pgf@xa=\dimen129
\pgf@ya=\dimen130
\pgf@xb=\dimen131
\pgf@yb=\dimen132
\pgf@xc=\dimen133
\pgf@yc=\dimen134
\w@pgf@writea=\write3
\r@pgf@reada=\read1
\c@pgf@counta=\count118
\c@pgf@countb=\count119
\c@pgf@countc=\count120
\c@pgf@countd=\count121
\t@pgf@toka=\toks33
\t@pgf@tokb=\toks34
\t@pgf@tokc=\toks35
\pgf@sys@id@count=\count122
 ("D:\Local\Programs\MiKTeX 2.9\tex/generic/pgf/systemlayer\pgf.cfg"
File: pgf.cfg 2019/01/05 v3.1 (3.1)
)
Driver file for pgf: pgfsys-pdftex.def

("D:\Local\Programs\MiKTeX 2.9\tex/generic/pgf/systemlayer\pgfsys-pdftex.def"
File: pgfsys-pdftex.def 2019/01/05 v3.1 (3.1)

("D:\Local\Programs\MiKTeX 2.9\tex/generic/pgf/systemlayer\pgfsys-common-pdf.de
f"
File: pgfsys-common-pdf.def 2019/01/05 v3.1 (3.1)
)))
("D:\Local\Programs\MiKTeX 2.9\tex/generic/pgf/systemlayer\pgfsyssoftpath.code.
tex"
File: pgfsyssoftpath.code.tex 2019/01/05 v3.1 (3.1)
\pgfsyssoftpath@smallbuffer@items=\count123
\pgfsyssoftpath@bigbuffer@items=\count124
)
("D:\Local\Programs\MiKTeX 2.9\tex/generic/pgf/systemlayer\pgfsysprotocol.code.
tex"
File: pgfsysprotocol.code.tex 2019/01/05 v3.1 (3.1)
))
("D:\Local\Programs\MiKTeX 2.9\tex/generic/pgf/basiclayer\pgfcore.code.tex"
Package: pgfcore 2019/01/05 v3.1 (3.1)

("D:\Local\Programs\MiKTeX 2.9\tex/generic/pgf/math\pgfmath.code.tex"
("D:\Local\Programs\MiKTeX 2.9\tex/generic/pgf/math\pgfmathcalc.code.tex"
("D:\Local\Programs\MiKTeX 2.9\tex/generic/pgf/math\pgfmathutil.code.tex")
("D:\Local\Programs\MiKTeX 2.9\tex/generic/pgf/math\pgfmathparser.code.tex"
\pgfmath@dimen=\dimen135
\pgfmath@count=\count125
\pgfmath@box=\box41
\pgfmath@toks=\toks36
\pgfmath@stack@operand=\toks37
\pgfmath@stack@operation=\toks38
)
("D:\Local\Programs\MiKTeX 2.9\tex/generic/pgf/math\pgfmathfunctions.code.tex"
("D:\Local\Programs\MiKTeX 2.9\tex/generic/pgf/math\pgfmathfunctions.basic.code
.tex")
("D:\Local\Programs\MiKTeX 2.9\tex/generic/pgf/math\pgfmathfunctions.trigonomet
ric.code.tex")
("D:\Local\Programs\MiKTeX 2.9\tex/generic/pgf/math\pgfmathfunctions.random.cod
e.tex")
("D:\Local\Programs\MiKTeX 2.9\tex/generic/pgf/math\pgfmathfunctions.comparison
.code.tex")
("D:\Local\Programs\MiKTeX 2.9\tex/generic/pgf/math\pgfmathfunctions.base.code.
tex")
("D:\Local\Programs\MiKTeX 2.9\tex/generic/pgf/math\pgfmathfunctions.round.code
.tex")
("D:\Local\Programs\MiKTeX 2.9\tex/generic/pgf/math\pgfmathfunctions.misc.code.
tex")
("D:\Local\Programs\MiKTeX 2.9\tex/generic/pgf/math\pgfmathfunctions.integerari
thmetics.code.tex")))
("D:\Local\Programs\MiKTeX 2.9\tex/generic/pgf/math\pgfmathfloat.code.tex"
\c@pgfmathroundto@lastzeros=\count126
))
("D:\Local\Programs\MiKTeX 2.9\tex/generic/pgf/basiclayer\pgfcorepoints.code.te
x"
File: pgfcorepoints.code.tex 2019/01/05 v3.1 (3.1)
\pgf@picminx=\dimen136
\pgf@picmaxx=\dimen137
\pgf@picminy=\dimen138
\pgf@picmaxy=\dimen139
\pgf@pathminx=\dimen140
\pgf@pathmaxx=\dimen141
\pgf@pathminy=\dimen142
\pgf@pathmaxy=\dimen143
\pgf@xx=\dimen144
\pgf@xy=\dimen145
\pgf@yx=\dimen146
\pgf@yy=\dimen147
\pgf@zx=\dimen148
\pgf@zy=\dimen149
)
("D:\Local\Programs\MiKTeX 2.9\tex/generic/pgf/basiclayer\pgfcorepathconstruct.
code.tex"
File: pgfcorepathconstruct.code.tex 2019/01/05 v3.1 (3.1)
\pgf@path@lastx=\dimen150
\pgf@path@lasty=\dimen151
)
("D:\Local\Programs\MiKTeX 2.9\tex/generic/pgf/basiclayer\pgfcorepathusage.code
.tex"
File: pgfcorepathusage.code.tex 2019/01/05 v3.1 (3.1)
\pgf@shorten@end@additional=\dimen152
\pgf@shorten@start@additional=\dimen153
)
("D:\Local\Programs\MiKTeX 2.9\tex/generic/pgf/basiclayer\pgfcorescopes.code.te
x"
File: pgfcorescopes.code.tex 2019/01/05 v3.1 (3.1)
\pgfpic=\box42
\pgf@hbox=\box43
\pgf@layerbox@main=\box44
\pgf@picture@serial@count=\count127
)
("D:\Local\Programs\MiKTeX 2.9\tex/generic/pgf/basiclayer\pgfcoregraphicstate.c
ode.tex"
File: pgfcoregraphicstate.code.tex 2019/01/05 v3.1 (3.1)
\pgflinewidth=\dimen154
)
("D:\Local\Programs\MiKTeX 2.9\tex/generic/pgf/basiclayer\pgfcoretransformation
s.code.tex"
File: pgfcoretransformations.code.tex 2019/01/05 v3.1 (3.1)
\pgf@pt@x=\dimen155
\pgf@pt@y=\dimen156
\pgf@pt@temp=\dimen157
)
("D:\Local\Programs\MiKTeX 2.9\tex/generic/pgf/basiclayer\pgfcorequick.code.tex
"
File: pgfcorequick.code.tex 2019/01/05 v3.1 (3.1)
)
("D:\Local\Programs\MiKTeX 2.9\tex/generic/pgf/basiclayer\pgfcoreobjects.code.t
ex"
File: pgfcoreobjects.code.tex 2019/01/05 v3.1 (3.1)
)
("D:\Local\Programs\MiKTeX 2.9\tex/generic/pgf/basiclayer\pgfcorepathprocessing
.code.tex"
File: pgfcorepathprocessing.code.tex 2019/01/05 v3.1 (3.1)
)
("D:\Local\Programs\MiKTeX 2.9\tex/generic/pgf/basiclayer\pgfcorearrows.code.te
x"
File: pgfcorearrows.code.tex 2019/01/05 v3.1 (3.1)
\pgfarrowsep=\dimen158
)
("D:\Local\Programs\MiKTeX 2.9\tex/generic/pgf/basiclayer\pgfcoreshade.code.tex
"
File: pgfcoreshade.code.tex 2019/01/05 v3.1 (3.1)
\pgf@max=\dimen159
\pgf@sys@shading@range@num=\count128
)
("D:\Local\Programs\MiKTeX 2.9\tex/generic/pgf/basiclayer\pgfcoreimage.code.tex
"
File: pgfcoreimage.code.tex 2019/01/05 v3.1 (3.1)

("D:\Local\Programs\MiKTeX 2.9\tex/generic/pgf/basiclayer\pgfcoreexternal.code.
tex"
File: pgfcoreexternal.code.tex 2019/01/05 v3.1 (3.1)
\pgfexternal@startupbox=\box45
))
("D:\Local\Programs\MiKTeX 2.9\tex/generic/pgf/basiclayer\pgfcorelayers.code.te
x"
File: pgfcorelayers.code.tex 2019/01/05 v3.1 (3.1)
)
("D:\Local\Programs\MiKTeX 2.9\tex/generic/pgf/basiclayer\pgfcoretransparency.c
ode.tex"
File: pgfcoretransparency.code.tex 2019/01/05 v3.1 (3.1)
)
("D:\Local\Programs\MiKTeX 2.9\tex/generic/pgf/basiclayer\pgfcorepatterns.code.
tex"
File: pgfcorepatterns.code.tex 2019/01/05 v3.1 (3.1)
)
("D:\Local\Programs\MiKTeX 2.9\tex/generic/pgf/basiclayer\pgfcorerdf.code.tex"
File: pgfcorerdf.code.tex 2019/01/05 v3.1 (3.1)
)))
("D:\Local\Programs\MiKTeX 2.9\tex/generic/pgf/modules\pgfmoduleshapes.code.tex
"
File: pgfmoduleshapes.code.tex 2019/01/05 v3.1 (3.1)
\pgfnodeparttextbox=\box46
) ("D:\Local\Programs\MiKTeX 2.9\tex/generic/pgf/modules\pgfmoduleplot.code.tex
"
File: pgfmoduleplot.code.tex 2019/01/05 v3.1 (3.1)
)
("D:\Local\Programs\MiKTeX 2.9\tex/latex/pgf/compatibility\pgfcomp-version-0-65
.sty"
Package: pgfcomp-version-0-65 2019/01/05 v3.1 (3.1)
\pgf@nodesepstart=\dimen160
\pgf@nodesepend=\dimen161
)
("D:\Local\Programs\MiKTeX 2.9\tex/latex/pgf/compatibility\pgfcomp-version-1-18
.sty"
Package: pgfcomp-version-1-18 2019/01/05 v3.1 (3.1)
)) ("D:\Local\Programs\MiKTeX 2.9\tex/latex/pgf/utilities\pgffor.sty"
("D:\Local\Programs\MiKTeX 2.9\tex/latex/pgf/utilities\pgfkeys.sty"
("D:\Local\Programs\MiKTeX 2.9\tex/generic/pgf/utilities\pgfkeys.code.tex"))
("D:\Local\Programs\MiKTeX 2.9\tex/latex/pgf/math\pgfmath.sty"
("D:\Local\Programs\MiKTeX 2.9\tex/generic/pgf/math\pgfmath.code.tex"))
("D:\Local\Programs\MiKTeX 2.9\tex/generic/pgf/utilities\pgffor.code.tex"
Package: pgffor 2019/01/05 v3.1 (3.1)

("D:\Local\Programs\MiKTeX 2.9\tex/generic/pgf/math\pgfmath.code.tex")
\pgffor@iter=\dimen162
\pgffor@skip=\dimen163
\pgffor@stack=\toks39
\pgffor@toks=\toks40
))
("D:\Local\Programs\MiKTeX 2.9\tex/generic/pgf/frontendlayer/tikz\tikz.code.tex
"
Package: tikz 2019/01/05 v3.1 (3.1)

("D:\Local\Programs\MiKTeX 2.9\tex/generic/pgf/libraries\pgflibraryplothandlers
.code.tex"
File: pgflibraryplothandlers.code.tex 2019/01/05 v3.1 (3.1)
\pgf@plot@mark@count=\count129
\pgfplotmarksize=\dimen164
)
\tikz@lastx=\dimen165
\tikz@lasty=\dimen166
\tikz@lastxsaved=\dimen167
\tikz@lastysaved=\dimen168
\tikzleveldistance=\dimen169
\tikzsiblingdistance=\dimen170
\tikz@figbox=\box47
\tikz@figbox@bg=\box48
\tikz@tempbox=\box49
\tikz@tempbox@bg=\box50
\tikztreelevel=\count130
\tikznumberofchildren=\count131
\tikznumberofcurrentchild=\count132
\tikz@fig@count=\count133

("D:\Local\Programs\MiKTeX 2.9\tex/generic/pgf/modules\pgfmodulematrix.code.tex
"
File: pgfmodulematrix.code.tex 2019/01/05 v3.1 (3.1)
\pgfmatrixcurrentrow=\count134
\pgfmatrixcurrentcolumn=\count135
\pgf@matrix@numberofcolumns=\count136
)
\tikz@expandcount=\count137

("D:\Local\Programs\MiKTeX 2.9\tex/generic/pgf/frontendlayer/tikz/libraries\tik
zlibrarytopaths.code.tex"
File: tikzlibrarytopaths.code.tex 2019/01/05 v3.1 (3.1)
)))
("D:\Local\Programs\MiKTeX 2.9\tex/latex/booktabs\booktabs.sty"
Package: booktabs 2005/04/14 v1.61803 publication quality tables
\heavyrulewidth=\dimen171
\lightrulewidth=\dimen172
\cmidrulewidth=\dimen173
\belowrulesep=\dimen174
\belowbottomsep=\dimen175
\aboverulesep=\dimen176
\abovetopsep=\dimen177
\cmidrulesep=\dimen178
\cmidrulekern=\dimen179
\defaultaddspace=\dimen180
\@cmidla=\count138
\@cmidlb=\count139
\@aboverulesep=\dimen181
\@belowrulesep=\dimen182
\@thisruleclass=\count140
\@lastruleclass=\count141
\@thisrulewidth=\dimen183
)
("D:\Local\Programs\MiKTeX 2.9\tex/latex/subfigure\subfigure.sty"
Package: subfigure 2002/07/30 v2.1.4 subfigure package
\subfigtopskip=\skip76
\subfigcapskip=\skip77
\subfigcaptopadj=\dimen184
\subfigbottomskip=\skip78
\subfigcapmargin=\dimen185
\subfiglabelskip=\skip79
\c@subfigure=\count142
\c@lofdepth=\count143
\c@subtable=\count144
\c@lotdepth=\count145

****************************************
* Local config file subfigure.cfg used *
****************************************
("D:\Local\Programs\MiKTeX 2.9\tex/latex/subfigure\subfigure.cfg")
\subfig@top=\skip80
\subfig@bottom=\skip81
)
("D:\Local\Programs\MiKTeX 2.9\tex/generic/babel\babel.sty"
Package: babel 2018/11/13 3.27 The Babel package

("D:\Local\Programs\MiKTeX 2.9\tex/generic/babel\switch.def"
File: switch.def 2018/11/13 3.27 Babel switching mechanism
)
*************************************
* Local config file bblopts.cfg used
*
("D:\Local\Programs\MiKTeX 2.9\tex/latex/arabi\bblopts.cfg"
File: bblopts.cfg 2005/09/08 v0.1 add Arabic and Farsi to "declared" options of
 babel
)
("D:\Local\Programs\MiKTeX 2.9\tex/latex/babel-english\english.ldf"
Language: english 2017/06/06 v3.3r English support from the babel system

("D:\Local\Programs\MiKTeX 2.9\tex/generic/babel\babel.def"
File: babel.def 2018/11/13 3.27 Babel common definitions
\babel@savecnt=\count146
\U@D=\dimen186

("D:\Local\Programs\MiKTeX 2.9\tex/generic/babel\txtbabel.def")
\bbl@dirlevel=\count147
)
\l@canadian = a dialect from \language\l@american 
\l@australian = a dialect from \language\l@british 
\l@newzealand = a dialect from \language\l@british 
))
("D:\Local\Programs\MiKTeX 2.9\tex/latex/blindtext\blindtext.sty"
Package: blindtext 2012/01/06 V2.0 blindtext-Package
\c@blindtext=\count148
\c@Blindtext=\count149
\c@blind@countparstart=\count150
\blind@countxx=\count151
\blindtext@numBlindtext=\count152
\blind@countyy=\count153
\c@blindlist=\count154
\c@blindlistlevel=\count155
\c@blindlist@level=\count156
\blind@listitem=\count157
\c@blind@listcount=\count158
\c@blind@levelcount=\count159
\blind@mathformula=\count160
\blind@Mathformula=\count161
\c@blind@randomcount=\count162
\c@blind@randommax=\count163
\c@blind@pangramcount=\count164
\c@blind@pangrammax=\count165
)
("D:\Local\Programs\MiKTeX 2.9\tex/latex/float\float.sty"
Package: float 2001/11/08 v1.3d Float enhancements (AL)
\c@float@type=\count166
\float@exts=\toks41
\float@box=\box51
\@float@everytoks=\toks42
\@floatcapt=\box52
)
("D:\Local\Programs\MiKTeX 2.9\tex/latex/caption\caption.sty"
Package: caption 2018/10/06 v3.3-154 Customizing captions (AR)

("D:\Local\Programs\MiKTeX 2.9\tex/latex/caption\caption3.sty"
Package: caption3 2018/09/12 v1.8c caption3 kernel (AR)
Package caption3 Info: TeX engine: e-TeX on input line 64.
\captionmargin=\dimen187
\captionmargin@=\dimen188
\captionwidth=\dimen189
\caption@tempdima=\dimen190
\caption@indent=\dimen191
\caption@parindent=\dimen192
\caption@hangindent=\dimen193
Package caption Info: Unknown document class (or package),
(caption)             standard defaults will be used.
)

Package caption Warning: Unsupported document class (or package) detected,
(caption)                usage of the caption package is not recommended.
See the caption package documentation for explanation.

Package caption Info: \@makecaption = \long macro:#1#2->\addvspace {4pt} \if \@
caprule \hrule width \hsize height .33pt \vspace {4pt} \fi \setbox \@tempboxa =
 \hbox {\@setfigurenumber {#1.}\nut #2}\if \@dimgtrp {\wd \@tempboxa }{\hsize }
\noindent \@setfigurenumber {#1.}\nut #2\par \else \centerline {\box \@tempboxa
 }\fi .
\c@caption@flags=\count167
\c@ContinuedFloat=\count168
Package caption Info: float package is loaded.
Package caption Info: listings package is loaded.
Package caption Info: subfigure package is loaded.
) (main.aux)
\openout1 = `main.aux'.

LaTeX Font Info:    Checking defaults for OML/cmm/m/it on input line 30.
LaTeX Font Info:    ... okay on input line 30.
LaTeX Font Info:    Checking defaults for T1/cmr/m/n on input line 30.
LaTeX Font Info:    ... okay on input line 30.
LaTeX Font Info:    Checking defaults for OT1/cmr/m/n on input line 30.
LaTeX Font Info:    ... okay on input line 30.
LaTeX Font Info:    Checking defaults for OMS/cmsy/m/n on input line 30.
LaTeX Font Info:    ... okay on input line 30.
LaTeX Font Info:    Checking defaults for OMX/cmex/m/n on input line 30.
LaTeX Font Info:    ... okay on input line 30.
LaTeX Font Info:    Checking defaults for U/cmr/m/n on input line 30.
LaTeX Font Info:    ... okay on input line 30.
LaTeX Font Info:    Try loading font information for OT1+ptm on input line 30.
 ("D:\Local\Programs\MiKTeX 2.9\tex/latex/psnfss\ot1ptm.fd"
File: ot1ptm.fd 2001/06/04 font definitions for OT1/ptm.
)
\c@lstlisting=\count169

("D:\Local\Programs\MiKTeX 2.9\tex/context/base\supp-pdf.mkii"
[Loading MPS to PDF converter (version 2006.09.02).]
\scratchcounter=\count170
\scratchdimen=\dimen194
\scratchbox=\box53
\nofMPsegments=\count171
\nofMParguments=\count172
\everyMPshowfont=\toks43
\MPscratchCnt=\count173
\MPscratchDim=\dimen195
\MPnumerator=\count174
\makeMPintoPDFobject=\count175
\everyMPtoPDFconversion=\toks44
) ("D:\Local\Programs\MiKTeX 2.9\tex/latex/oberdiek\epstopdf-base.sty"
Package: epstopdf-base 2016/05/15 v2.6 Base part for package epstopdf

("D:\Local\Programs\MiKTeX 2.9\tex/generic/oberdiek\infwarerr.sty"
Package: infwarerr 2016/05/16 v1.4 Providing info/warning/error messages (HO)
)
("D:\Local\Programs\MiKTeX 2.9\tex/latex/oberdiek\grfext.sty"
Package: grfext 2016/05/16 v1.2 Manage graphics extensions (HO)

("D:\Local\Programs\MiKTeX 2.9\tex/generic/oberdiek\kvdefinekeys.sty"
Package: kvdefinekeys 2016/05/16 v1.4 Define keys (HO)

("D:\Local\Programs\MiKTeX 2.9\tex/generic/oberdiek\ltxcmds.sty"
Package: ltxcmds 2016/05/16 v1.23 LaTeX kernel commands for general use (HO)
)))
("D:\Local\Programs\MiKTeX 2.9\tex/latex/oberdiek\kvoptions.sty"
Package: kvoptions 2016/05/16 v3.12 Key value format for package options (HO)

("D:\Local\Programs\MiKTeX 2.9\tex/generic/oberdiek\kvsetkeys.sty"
Package: kvsetkeys 2016/05/16 v1.17 Key value parser (HO)

("D:\Local\Programs\MiKTeX 2.9\tex/generic/oberdiek\etexcmds.sty"
Package: etexcmds 2016/05/16 v1.6 Avoid name clashes with e-TeX commands (HO)

("D:\Local\Programs\MiKTeX 2.9\tex/generic/oberdiek\ifluatex.sty"
Package: ifluatex 2016/05/16 v1.4 Provides the ifluatex switch (HO)
Package ifluatex Info: LuaTeX not detected.
))))
("D:\Local\Programs\MiKTeX 2.9\tex/generic/oberdiek\pdftexcmds.sty"
Package: pdftexcmds 2018/09/10 v0.29 Utility functions of pdfTeX for LuaTeX (HO
)

("D:\Local\Programs\MiKTeX 2.9\tex/generic/oberdiek\ifpdf.sty"
Package: ifpdf 2018/09/07 v3.3 Provides the ifpdf switch
)
Package pdftexcmds Info: LuaTeX not detected.
Package pdftexcmds Info: \pdf@primitive is available.
Package pdftexcmds Info: \pdf@ifprimitive is available.
Package pdftexcmds Info: \pdfdraftmode found.
)
Package epstopdf-base Info: Redefining graphics rule for `.eps' on input line 4
38.
Package grfext Info: Graphics extension search list:
(grfext)             [.pdf,.png,.jpg,.mps,.jpeg,.jbig2,.jb2,.PDF,.PNG,.JPG,.JPE
G,.JBIG2,.JB2,.eps]
(grfext)             \AppendGraphicsExtensions on input line 456.
)
ABD: EveryShipout initializing macros
Package caption Info: Begin \AtBeginDocument code.
Package caption Info: End \AtBeginDocument code.
LaTeX Font Info:    Font shape `OT1/ptm/bx/n' in size <20> not available
(Font)              Font shape `OT1/ptm/b/n' tried instead on input line 41.
LaTeX Font Info:    Font shape `OT1/ptm/bx/n' in size <13> not available
(Font)              Font shape `OT1/ptm/b/n' tried instead on input line 44.
LaTeX Font Info:    Font shape `OT1/ptm/bx/n' in size <11> not available
(Font)              Font shape `OT1/ptm/b/n' tried instead on input line 54.

Underfull \vbox (badness 10000) has occurred while \output is active []

 [1{C:/Users/Vivin j Christoph/AppData/Local/MiKTeX/2.9/pdftex/config/pdftex.ma
p}


Non-PDF special ignored!
<special> papersize=a4

]
LaTeX Font Info:    Try loading font information for OMS+ptm on input line 68.
 ("D:\Local\Programs\MiKTeX 2.9\tex/latex/psnfss\omsptm.fd"
File: omsptm.fd 
)
LaTeX Font Info:    Font shape `OMS/ptm/m/n' in size <10> not available
(Font)              Font shape `OMS/cmsy/m/n' tried instead on input line 68.

Underfull \hbox (badness 1019) in paragraph at lines 84--85
[]\OT1/ptm/b/n/11 Micro bench-mark-ing suites \OT1/ptm/m/n/11 con-tains test su
its
 []

[2] ("D:\Local\Programs\MiKTeX 2.9\tex/latex/listings\lstlang1.sty"
File: lstlang1.sty 2018/09/02 1.7 listings language file
)
("D:\Local\Programs\MiKTeX 2.9\tex/latex/listings\lstmisc.sty"
File: lstmisc.sty 2018/09/02 1.7 (Carsten Heinz)
)
LaTeX Font Info:    Font shape `OT1/ptm/bx/n' in size <7> not available
(Font)              Font shape `OT1/ptm/b/n' tried instead on input line 132.
LaTeX Font Info:    Try loading font information for OML+ptm on input line 132.


("D:\Local\Programs\MiKTeX 2.9\tex/latex/psnfss\omlptm.fd"
File: omlptm.fd 
)
LaTeX Font Info:    Font shape `OML/ptm/m/n' in size <7> not available
(Font)              Font shape `OML/cmm/m/it' tried instead on input line 132.
LaTeX Font Info:    Font shape `OMS/ptm/m/n' in size <7> not available
(Font)              Font shape `OMS/cmsy/m/n' tried instead on input line 132.
 [3] [4] [5]
LaTeX Font Info:    Calculating math sizes for size <11> on input line 226.


LaTeX Font Warning: Font shape `OT1/cmr/m/n' in size <5.5> not available
(Font)              size <5> substituted on input line 226.


LaTeX Font Warning: Font shape `OML/cmm/m/it' in size <5.5> not available
(Font)              size <5> substituted on input line 226.


LaTeX Font Warning: Font shape `OMS/cmsy/m/n' in size <5.5> not available
(Font)              size <5> substituted on input line 226.

LaTeX Font Info:    Try loading font information for U+msa on input line 226.
("D:\Local\Programs\MiKTeX 2.9\tex/latex/amsfonts\umsa.fd"
File: umsa.fd 2013/01/14 v3.01 AMS symbols A
)
LaTeX Font Info:    Try loading font information for U+msb on input line 226.

("D:\Local\Programs\MiKTeX 2.9\tex/latex/amsfonts\umsb.fd"
File: umsb.fd 2013/01/14 v3.01 AMS symbols B
)
Underfull \vbox (badness 6396) has occurred while \output is active []


Overfull \hbox (0.8658pt too wide) in paragraph at lines 254--254
[]\OT1/ptm/m/n/11 Affordability| 
 []


Underfull \hbox (badness 2653) in paragraph at lines 254--254
\OT1/ptm/m/n/11 able to adopt all
 []


Underfull \hbox (badness 10000) in paragraph at lines 254--254
\OT1/ptm/m/n/11 (the dataset) is
 []


Underfull \hbox (badness 10000) in paragraph at lines 254--254
[]\OT1/ptm/m/n/11 No, for ex-am-
 []


Underfull \hbox (badness 3098) in paragraph at lines 254--254
\OT1/ptm/m/n/11 ple they can not
 []


Underfull \hbox (badness 10000) in paragraph at lines 254--254
\OT1/ptm/m/n/11 use DroidAs-sist
 []


Underfull \hbox (badness 10000) in paragraph at lines 254--254
\OT1/ptm/m/n/11 be-cause its im-
 []


Underfull \hbox (badness 3919) in paragraph at lines 254--254
\OT1/ptm/m/n/11 ple-men-ta-tion only
 []


Underfull \hbox (badness 10000) in paragraph at lines 254--254
\OT1/ptm/m/n/11 sup-ports Dalvik
 []


Underfull \hbox (badness 3482) in paragraph at lines 254--254
[]\OT1/ptm/m/n/11 No, suf-fi-cient in-
 []


Underfull \hbox (badness 1558) in paragraph at lines 254--254
\OT1/ptm/m/n/11 avail-abil-ity of the
 []


Underfull \hbox (badness 2134) in paragraph at lines 254--254
[]\OT1/ptm/m/n/11 Yes, it is a well
 []


Underfull \hbox (badness 1237) in paragraph at lines 254--254
[]\OT1/ptm/m/n/11 Yes, it solves the
 []


Underfull \hbox (badness 3482) in paragraph at lines 254--254
[]\OT1/ptm/m/n/11 No, suf-fi-cient in-
 []


Underfull \hbox (badness 1558) in paragraph at lines 254--254
\OT1/ptm/m/n/11 avail-abil-ity of the
 []


Underfull \hbox (badness 10000) in paragraph at lines 254--254
[]\OT1/ptm/m/n/11 Yes, as it tries
 []


Underfull \hbox (badness 10000) in paragraph at lines 254--254
\OT1/ptm/m/n/11 to ad-dress most
 []


Underfull \hbox (badness 10000) in paragraph at lines 254--254
\OT1/ptm/m/n/11 vul-ner-a-bil-i-ties
 []


Underfull \hbox (badness 2351) in paragraph at lines 254--254
[]\OT1/ptm/m/n/11 Yes, as it is not
 []


Underfull \hbox (badness 3942) in paragraph at lines 254--254
\OT1/ptm/m/n/11 u-lar pro-gram-ming
 []


Overfull \hbox (1.9104pt too wide) in paragraph at lines 261--262
\OT1/ptm/m/n/11 2016) (Kup-sch and Miller 2009) (Wi-lan-der and Kamkar
 []


Underfull \hbox (badness 1122) in paragraph at lines 265--266
\OT1/ptm/m/n/11 2017) dif-fer-en-tial vul-ner-a-bil-ity fix-ing method-ol-ogy
 []


Underfull \vbox (badness 10000) has occurred while \output is active []

 [6]
Underfull \hbox (badness 1168) in paragraph at lines 292--295
\OT1/ptm/b/n/11 for fault-bench sec-tion 3.3 Desider-atafor Bench-
 []

[7] (main.bbl
Underfull \hbox (badness 10000) in paragraph at lines 12--14
[]\OT1/ptm/m/n/10 Owasp we-b-goat project.  URL
 []


Underfull \hbox (badness 1584) in paragraph at lines 33--44
\OT1/ptm/m/n/10 D. Framp-ton, S. Z. Guyer, M. Hirzel, A. Hosk-ing,
 []


Underfull \hbox (badness 1648) in paragraph at lines 33--44
\OT1/ptm/m/it/10 21st An-nual ACM SIG-PLAN Con-fer-ence on Object-
 []


Underfull \hbox (badness 1603) in paragraph at lines 52--60
[]\OT1/ptm/m/n/10 C. Cadar and A. F. Don-ald-son.  Analysing the pro-
 []


Underfull \hbox (badness 1077) in paragraph at lines 52--60
\OT1/ptm/m/it/10 tional Con-fer-ence on Soft-ware En-gi-neer-ing Com-pan-
 []


Underfull \hbox (badness 1281) in paragraph at lines 52--60
\OT1/ptm/m/n/10 2016. ACM.  ISBN 978-1-4503-4205-6.  .  URL
 []


Underfull \hbox (badness 1082) in paragraph at lines 77--85
[]\OT1/ptm/m/n/10 L. N. Q. Do, M. Eich-berg, and E. Bod-den.  To-ward
 []


Underfull \hbox (badness 2393) in paragraph at lines 77--85
\OT1/ptm/m/n/10 an au-to-mated bench-mark man-age-ment sys-tem.  In
 []


Underfull \hbox (badness 2591) in paragraph at lines 77--85
\OT1/ptm/m/it/10 Work-shop on State Of the Art in Pro-gram Anal-y-
 []


Underfull \hbox (badness 1281) in paragraph at lines 77--85
\OT1/ptm/m/n/10 2016. ACM.  ISBN 978-1-4503-4385-5.  .  URL
 []


Underfull \hbox (badness 10000) in paragraph at lines 96--104
[]\OT1/ptm/m/n/10 J. Du-j-movi[]c.  Au-to-matic gen-er-a-tion of bench-
 []


Underfull \hbox (badness 2538) in paragraph at lines 96--104
\OT1/ptm/m/n/10 mark and test work-loads.  In \OT1/ptm/m/it/10 Pro-ceed-ings of
 the
 []


Underfull \hbox (badness 10000) in paragraph at lines 96--104
\OT1/ptm/m/it/10 First Joint WOSP/SIPEW In-ter-na-tional Con-fer-
 []


Underfull \hbox (badness 10000) in paragraph at lines 96--104
\OT1/ptm/m/it/10 ence on Per-for-mance En-gi-neer-ing\OT1/ptm/m/n/10 , WOSP/SIP
EW
 []


Underfull \hbox (badness 3746) in paragraph at lines 96--104
\OT1/ptm/m/n/10 '10, pages 263--274, New York, NY, USA, 2010.
 []


Underfull \hbox (badness 7047) in paragraph at lines 96--104
\OT1/ptm/m/n/10 ACM.  ISBN 978-1-60558-563-5.  .  URL
 []


Underfull \hbox (badness 1062) in paragraph at lines 106--112
[]\OT1/ptm/m/n/10 T. Greiman.  \OT1/ptm/m/it/10 IC-CWS 2016 11th In-ter-na-tion
al Con-fer-
 []


Underfull \hbox (badness 2573) in paragraph at lines 106--112
\OT1/ptm/m/it/10 ence on Cy-ber War-fare and Se-cu-rity: IC-CWS2016\OT1/ptm/m/n
/10 .
 []


Underfull \hbox (badness 7869) in paragraph at lines 106--112
\OT1/ptm/m/n/10 ACPIL, 2016.  ISBN 9781910810828.  URL
 []


Overfull \hbox (8.74796pt too wide) in paragraph at lines 106--112
\OT1/cmtt/m/n/10 https://books.google.de/books?id=XD7QCwAAQBAJ\OT1/ptm/m/n/10 .
 
 []


Underfull \hbox (badness 4403) in paragraph at lines 115--124
[]\OT1/ptm/m/n/10 S. Heck-man and L. Williams.  On es-tab-lish-ing a
 []


Underfull \hbox (badness 1910) in paragraph at lines 115--124
\OT1/ptm/m/n/10 bench-mark for eval-u-at-ing static anal-y-sis alert pri-or-
 []


Underfull \hbox (badness 1584) in paragraph at lines 115--124
\OT1/ptm/m/n/10 i-ti-za-tion and clas-si-fi-ca-tion tech-niques.  In \OT1/ptm/m
/it/10 Pro-ceed-
 []


Underfull \hbox (badness 1248) in paragraph at lines 115--124
\OT1/ptm/m/it/10 ings of the Sec-ond ACM-IEEE In-ter-na-tional Sym-po-
 []


Underfull \vbox (badness 1895) has occurred while \output is active []

 [8]
Underfull \hbox (badness 7047) in paragraph at lines 179--188
[]\OT1/ptm/m/n/10 I. Pashchenko.  Foss ver-sion dif-fer-en-ti-a-tion as a
 []


Underfull \hbox (badness 2221) in paragraph at lines 179--188
\OT1/ptm/m/n/10 bench-mark for static anal-y-sis se-cu-rity test-ing tools.
 []


Underfull \hbox (badness 7504) in paragraph at lines 179--188
\OT1/ptm/m/n/10 In \OT1/ptm/m/it/10 Pro-ceed-ings of the 2017 11th Joint Meet-i
ng
 []


Underfull \hbox (badness 1527) in paragraph at lines 179--188
\OT1/ptm/m/it/10 on Foun-da-tions of Soft-ware En-gi-neer-ing\OT1/ptm/m/n/10 , 
ES-EC/FSE
 []


Underfull \hbox (badness 7047) in paragraph at lines 179--188
\OT1/ptm/m/n/10 ACM.  ISBN 978-1-4503-5105-8.  .  URL
 []


Underfull \hbox (badness 1748) in paragraph at lines 191--199
\OT1/ptm/m/n/10 mes: As-sess-ment and cre-ation of ef-fec-tive test cor-
 []

) [9

] (main.aux)

LaTeX Font Warning: Size substitutions with differences
(Font)              up to 0.5pt have occurred.

 ) 
Here is how much of TeX's memory you used:
 17891 strings out of 492946
 327084 string characters out of 3135049
 594233 words of memory out of 3000000
 21433 multiletter control sequences out of 15000+200000
 29433 words of font info for 58 fonts, out of 3000000 for 9000
 1141 hyphenation exceptions out of 8191
 55i,11n,51p,1843b,1463s stack positions out of 5000i,500n,10000p,200000b,50000s
{D:/Local/Programs/MiKTeX 2.9/fonts/enc/dvips/base/8r.enc}<D:/Local/Programs/
MiKTeX 2.9/fonts/type1/public/amsfonts/cm/cmmi7.pfb><D:/Local/Programs/MiKTeX 2
.9/fonts/type1/public/amsfonts/cm/cmss10.pfb><D:/Local/Programs/MiKTeX 2.9/font
s/type1/public/amsfonts/cm/cmsy10.pfb><D:/Local/Programs/MiKTeX 2.9/fonts/type1
/public/amsfonts/cm/cmsy7.pfb><D:/Local/Programs/MiKTeX 2.9/fonts/type1/public/
amsfonts/cm/cmtt10.pfb><D:/Local/Programs/MiKTeX 2.9/fonts/type1/urw/times/utmb
8a.pfb><D:/Local/Programs/MiKTeX 2.9/fonts/type1/urw/times/utmr8a.pfb><D:/Local
/Programs/MiKTeX 2.9/fonts/type1/urw/times/utmri8a.pfb>
Output written on main.pdf (9 pages, 145608 bytes).
PDF statistics:
 68 PDF objects out of 1000 (max. 8388607)
 0 named destinations out of 1000 (max. 500000)
 13 words of extra memory for PDF output out of 10000 (max. 10000000)

